<?xml version="1.0" encoding="UTF-8"?>
<testng-results skipped="0" failed="1" ignored="0" total="2" passed="1">
  <reporter-output>
  </reporter-output>
  <suite name="Suite" duration-ms="66468" started-at="2018-10-26T05:40:33Z" finished-at="2018-10-26T05:41:40Z">
    <groups>
    </groups>
    <test name="Test" duration-ms="66468" started-at="2018-10-26T05:40:33Z" finished-at="2018-10-26T05:41:40Z">
      <class name="scripts.Invalidlogin">
        <test-method status="PASS" signature="open()[pri:0, instance:scripts.Invalidlogin@7a765367]" name="open" is-config="true" duration-ms="12663" started-at="2018-10-26T11:11:21Z" finished-at="2018-10-26T11:11:34Z">
          <reporter-output>
          </reporter-output>
        </test-method> <!-- open -->
        <test-method status="PASS" signature="abc()[pri:0, instance:scripts.Invalidlogin@7a765367]" name="abc" duration-ms="3558" started-at="2018-10-26T11:11:34Z" finished-at="2018-10-26T11:11:37Z">
          <reporter-output>
          </reporter-output>
        </test-method> <!-- abc -->
        <test-method status="PASS" signature="cloaseapp()[pri:0, instance:scripts.Invalidlogin@7a765367]" name="cloaseapp" is-config="true" duration-ms="2507" started-at="2018-10-26T11:11:37Z" finished-at="2018-10-26T11:11:40Z">
          <reporter-output>
          </reporter-output>
        </test-method> <!-- cloaseapp -->
      </class> <!-- scripts.Invalidlogin -->
      <class name="scripts.Validlogin">
        <test-method status="PASS" signature="open()[pri:0, instance:scripts.Validlogin@52feb982]" name="open" is-config="true" duration-ms="17342" started-at="2018-10-26T11:10:33Z" finished-at="2018-10-26T11:10:51Z">
          <reporter-output>
          </reporter-output>
        </test-method> <!-- open -->
        <test-method status="FAIL" signature="validlogin()[pri:0, instance:scripts.Validlogin@52feb982]" name="validlogin" duration-ms="27586" started-at="2018-10-26T11:10:51Z" finished-at="2018-10-26T11:11:18Z">
          <exception class="org.openqa.selenium.NoSuchElementException">
            <message>
              <![CDATA[no such element: Unable to locate element: {"method":"xpath","selector":"(//span[@class='a-size-medium a-color-base a-text-normal'])[1]"}  (Session info: chrome=70.0.3538.77)  (Driver info: chromedriver=2.42.591088 (7b2b2dca23cca0862f674758c9a3933e685c27d5),platform=Windows NT 10.0.16299 x86_64) (WARNING: The server did not provide any stacktrace information)Command duration or timeout: 0 millisecondsFor documentation on this error, please visit: http://seleniumhq.org/exceptions/no_such_element.htmlBuild info: version: '3.14.0', revision: 'aacccce0', time: '2018-08-02T20:13:22.693Z'System info: host: 'TYSS-4F-WACOM02', ip: '192.168.175.1', os.name: 'Windows 10', os.arch: 'amd64', os.version: '10.0', java.version: '1.8.0_191'Driver info: org.openqa.selenium.chrome.ChromeDriverCapabilities {acceptInsecureCerts: false, acceptSslCerts: false, applicationCacheEnabled: false, browserConnectionEnabled: false, browserName: chrome, chrome: {chromedriverVersion: 2.42.591088 (7b2b2dca23cca0..., userDataDir: C:\Users\ADMINI~1\AppData\L...}, cssSelectorsEnabled: true, databaseEnabled: false, goog:chromeOptions: {debuggerAddress: localhost:51009}, handlesAlerts: true, hasTouchScreen: false, javascriptEnabled: true, locationContextEnabled: true, mobileEmulationEnabled: false, nativeEvents: true, networkConnectionEnabled: false, pageLoadStrategy: normal, platform: XP, platformName: XP, rotatable: false, setWindowRect: true, takesHeapSnapshot: true, takesScreenshot: true, unexpectedAlertBehaviour: , unhandledPromptBehavior: , version: 70.0.3538.77, webStorageEnabled: true}Session ID: 12605e9339256d797f9fb70e2c9edde9*** Element info: {Using=xpath, value=(//span[@class='a-size-medium a-color-base a-text-normal'])[1]}]]>
            </message>
            <full-stacktrace>
              <![CDATA[org.openqa.selenium.NoSuchElementException: no such element: Unable to locate element: {"method":"xpath","selector":"(//span[@class='a-size-medium a-color-base a-text-normal'])[1]"}  (Session info: chrome=70.0.3538.77)  (Driver info: chromedriver=2.42.591088 (7b2b2dca23cca0862f674758c9a3933e685c27d5),platform=Windows NT 10.0.16299 x86_64) (WARNING: The server did not provide any stacktrace information)Command duration or timeout: 0 millisecondsFor documentation on this error, please visit: http://seleniumhq.org/exceptions/no_such_element.htmlBuild info: version: '3.14.0', revision: 'aacccce0', time: '2018-08-02T20:13:22.693Z'System info: host: 'TYSS-4F-WACOM02', ip: '192.168.175.1', os.name: 'Windows 10', os.arch: 'amd64', os.version: '10.0', java.version: '1.8.0_191'Driver info: org.openqa.selenium.chrome.ChromeDriverCapabilities {acceptInsecureCerts: false, acceptSslCerts: false, applicationCacheEnabled: false, browserConnectionEnabled: false, browserName: chrome, chrome: {chromedriverVersion: 2.42.591088 (7b2b2dca23cca0..., userDataDir: C:\Users\ADMINI~1\AppData\L...}, cssSelectorsEnabled: true, databaseEnabled: false, goog:chromeOptions: {debuggerAddress: localhost:51009}, handlesAlerts: true, hasTouchScreen: false, javascriptEnabled: true, locationContextEnabled: true, mobileEmulationEnabled: false, nativeEvents: true, networkConnectionEnabled: false, pageLoadStrategy: normal, platform: XP, platformName: XP, rotatable: false, setWindowRect: true, takesHeapSnapshot: true, takesScreenshot: true, unexpectedAlertBehaviour: , unhandledPromptBehavior: , version: 70.0.3538.77, webStorageEnabled: true}Session ID: 12605e9339256d797f9fb70e2c9edde9*** Element info: {Using=xpath, value=(//span[@class='a-size-medium a-color-base a-text-normal'])[1]}at sun.reflect.NativeConstructorAccessorImpl.newInstance0(Native Method)at sun.reflect.NativeConstructorAccessorImpl.newInstance(Unknown Source)at sun.reflect.DelegatingConstructorAccessorImpl.newInstance(Unknown Source)at java.lang.reflect.Constructor.newInstance(Unknown Source)at org.openqa.selenium.remote.ErrorHandler.createThrowable(ErrorHandler.java:214)at org.openqa.selenium.remote.ErrorHandler.throwIfResponseFailed(ErrorHandler.java:166)at org.openqa.selenium.remote.http.JsonHttpResponseCodec.reconstructValue(JsonHttpResponseCodec.java:40)at org.openqa.selenium.remote.http.AbstractHttpResponseCodec.decode(AbstractHttpResponseCodec.java:80)at org.openqa.selenium.remote.http.AbstractHttpResponseCodec.decode(AbstractHttpResponseCodec.java:44)at org.openqa.selenium.remote.HttpCommandExecutor.execute(HttpCommandExecutor.java:158)at org.openqa.selenium.remote.service.DriverCommandExecutor.execute(DriverCommandExecutor.java:83)at org.openqa.selenium.remote.RemoteWebDriver.execute(RemoteWebDriver.java:548)at org.openqa.selenium.remote.RemoteWebDriver.findElement(RemoteWebDriver.java:322)at org.openqa.selenium.remote.RemoteWebDriver.findElementByXPath(RemoteWebDriver.java:424)at org.openqa.selenium.By$ByXPath.findElement(By.java:353)at org.openqa.selenium.remote.RemoteWebDriver.findElement(RemoteWebDriver.java:314)at org.openqa.selenium.support.pagefactory.DefaultElementLocator.findElement(DefaultElementLocator.java:69)at org.openqa.selenium.support.pagefactory.internal.LocatingElementHandler.invoke(LocatingElementHandler.java:38)at com.sun.proxy.$Proxy9.click(Unknown Source)at Pom.Acpage.acimg(Acpage.java:20)at scripts.Validlogin.validlogin(Validlogin.java:30)at sun.reflect.NativeMethodAccessorImpl.invoke0(Native Method)at sun.reflect.NativeMethodAccessorImpl.invoke(Unknown Source)at sun.reflect.DelegatingMethodAccessorImpl.invoke(Unknown Source)at java.lang.reflect.Method.invoke(Unknown Source)at org.testng.internal.MethodInvocationHelper.invokeMethod(MethodInvocationHelper.java:124)at org.testng.internal.Invoker.invokeMethod(Invoker.java:571)at org.testng.internal.Invoker.invokeTestMethod(Invoker.java:707)at org.testng.internal.Invoker.invokeTestMethods(Invoker.java:979)at org.testng.internal.TestMethodWorker.invokeTestMethods(TestMethodWorker.java:125)at org.testng.internal.TestMethodWorker.run(TestMethodWorker.java:109)at org.testng.TestRunner.privateRun(TestRunner.java:648)at org.testng.TestRunner.run(TestRunner.java:505)at org.testng.SuiteRunner.runTest(SuiteRunner.java:455)at org.testng.SuiteRunner.runSequentially(SuiteRunner.java:450)at org.testng.SuiteRunner.privateRun(SuiteRunner.java:415)at org.testng.SuiteRunner.run(SuiteRunner.java:364)at org.testng.SuiteRunnerWorker.runSuite(SuiteRunnerWorker.java:52)at org.testng.SuiteRunnerWorker.run(SuiteRunnerWorker.java:84)at org.testng.TestNG.runSuitesSequentially(TestNG.java:1187)at org.testng.TestNG.runSuitesLocally(TestNG.java:1116)at org.testng.TestNG.runSuites(TestNG.java:1028)at org.testng.TestNG.run(TestNG.java:996)at org.testng.remote.AbstractRemoteTestNG.run(AbstractRemoteTestNG.java:114)at org.testng.remote.RemoteTestNG.initAndRun(RemoteTestNG.java:251)at org.testng.remote.RemoteTestNG.main(RemoteTestNG.java:77)]]>
            </full-stacktrace>
          </exception> <!-- org.openqa.selenium.NoSuchElementException -->
          <reporter-output>
          </reporter-output>
        </test-method> <!-- validlogin -->
        <test-method status="PASS" signature="cloaseapp()[pri:0, instance:scripts.Validlogin@52feb982]" name="cloaseapp" is-config="true" duration-ms="2532" started-at="2018-10-26T11:11:18Z" finished-at="2018-10-26T11:11:21Z">
          <reporter-output>
          </reporter-output>
        </test-method> <!-- cloaseapp -->
      </class> <!-- scripts.Validlogin -->
    </test> <!-- Test -->
  </suite> <!-- Suite -->
</testng-results>
